<?xml version="1.0" encoding="UTF-8"?>
<!-- Generated by org.testng.reporters.JUnitReportReporter -->
<testsuite skipped="0" hostname="GGKU4DELL1165" name="com.automate.testcases.LoginTest" tests="2" failures="0" timestamp="2021-05-18T16:01:44 IST" time="7.315" errors="0">
  <testcase name="loginApp" time="6.079" classname="com.automate.testcases.LoginTest"/>
  <system-out/>
  <testcase name="logout" time="1.236" classname="com.automate.testcases.LoginTest"/>
  <system-out/>
</testsuite> <!-- com.automate.testcases.LoginTest -->
